{"$message_type":"diagnostic","message":"an `extern crate` loading macros must be at the crate root","code":{"code":"E0468","explanation":"A non-root module tried to import macros from another crate.\n\nExample of erroneous code:\n\n```compile_fail,E0468\nmod foo {\n    #[macro_use(debug_assert)]  // error: must be at crate root to import\n    extern crate core;          //        macros from another crate\n    fn run_macro() { debug_assert!(true); }\n}\n```\n\nOnly `extern crate` imports at the crate root level are allowed to import\nmacros.\n\nEither move the macro import to crate root or do without the foreign macros.\nThis will work:\n\n```\n#[macro_use(debug_assert)] // ok!\nextern crate core;\n\nmod foo {\n    fn run_macro() { debug_assert!(true); }\n}\n# fn main() {}\n```\n"},"level":"error","spans":[{"file_name":"src\\api.rs","byte_start":52,"byte_end":72,"line_start":4,"line_end":4,"column_start":1,"column_end":21,"is_primary":true,"text":[{"text":"extern crate rocket;","highlight_start":1,"highlight_end":21}],"label":null,"suggested_replacement":null,"suggestion_applicability":null,"expansion":null}],"children":[],"rendered":"\u001b[1m\u001b[91merror[E0468]\u001b[0m\u001b[1m\u001b[97m: an `extern crate` loading macros must be at the crate root\u001b[0m\n \u001b[1m\u001b[96m--> \u001b[0msrc\\api.rs:4:1\n  \u001b[1m\u001b[96m|\u001b[0m\n\u001b[1m\u001b[96m4\u001b[0m \u001b[1m\u001b[96m|\u001b[0m extern crate rocket;\n  \u001b[1m\u001b[96m|\u001b[0m \u001b[1m\u001b[91m^^^^^^^^^^^^^^^^^^^^\u001b[0m\n\n"}
{"$message_type":"diagnostic","message":"unresolved import `rocket::serde::json`","code":{"code":"E0432","explanation":"An import was unresolved.\n\nErroneous code example:\n\n```compile_fail,E0432\nuse something::Foo; // error: unresolved import `something::Foo`.\n```\n\nIn Rust 2015, paths in `use` statements are relative to the crate root. To\nimport items relative to the current and parent modules, use the `self::` and\n`super::` prefixes, respectively.\n\nIn Rust 2018 or later, paths in `use` statements are relative to the current\nmodule unless they begin with the name of a crate or a literal `crate::`, in\nwhich case they start from the crate root. As in Rust 2015 code, the `self::`\nand `super::` prefixes refer to the current and parent modules respectively.\n\nAlso verify that you didn't misspell the import name and that the import exists\nin the module from where you tried to import it. Example:\n\n```\nuse self::something::Foo; // Ok.\n\nmod something {\n    pub struct Foo;\n}\n# fn main() {}\n```\n\nIf you tried to use a module from an external crate and are using Rust 2015,\nyou may have missed the `extern crate` declaration (which is usually placed in\nthe crate root):\n\n```edition2015\nextern crate core; // Required to use the `core` crate in Rust 2015.\n\nuse core::any;\n# fn main() {}\n```\n\nSince Rust 2018 the `extern crate` declaration is not required and\nyou can instead just `use` it:\n\n```edition2018\nuse core::any; // No extern crate required in Rust 2018.\n# fn main() {}\n```\n"},"level":"error","spans":[{"file_name":"src\\api.rs","byte_start":255,"byte_end":259,"line_start":11,"line_end":11,"column_start":37,"column_end":41,"is_primary":true,"text":[{"text":"    serde::{Deserialize, Serialize, json::Json},","highlight_start":37,"highlight_end":41}],"label":"could not find `json` in `serde`","suggested_replacement":null,"suggestion_applicability":null,"expansion":null}],"children":[{"message":"found an item that was configured out","code":null,"level":"note","spans":[{"file_name":"C:\\Users\\kirpr\\.cargo\\registry\\src\\index.crates.io-1949cf8c6b5b557f\\rocket-0.5.1\\src\\serde\\mod.rs","byte_start":1436,"byte_end":1452,"line_start":45,"line_end":45,"column_start":7,"column_end":23,"is_primary":false,"text":[{"text":"#[cfg(feature = \"json\")]","highlight_start":7,"highlight_end":23}],"label":"the item is gated behind the `json` feature","suggested_replacement":null,"suggestion_applicability":null,"expansion":null},{"file_name":"C:\\Users\\kirpr\\.cargo\\registry\\src\\index.crates.io-1949cf8c6b5b557f\\rocket-0.5.1\\src\\serde\\mod.rs","byte_start":1512,"byte_end":1516,"line_start":47,"line_end":47,"column_start":9,"column_end":13,"is_primary":true,"text":[{"text":"pub mod json;","highlight_start":9,"highlight_end":13}],"label":null,"suggested_replacement":null,"suggestion_applicability":null,"expansion":null}],"children":[],"rendered":null}],"rendered":"\u001b[1m\u001b[91merror[E0432]\u001b[0m\u001b[1m\u001b[97m: unresolved import `rocket::serde::json`\u001b[0m\n  \u001b[1m\u001b[96m--> \u001b[0msrc\\api.rs:11:37\n   \u001b[1m\u001b[96m|\u001b[0m\n\u001b[1m\u001b[96m11\u001b[0m \u001b[1m\u001b[96m|\u001b[0m     serde::{Deserialize, Serialize, json::Json},\n   \u001b[1m\u001b[96m|\u001b[0m                                     \u001b[1m\u001b[91m^^^^\u001b[0m \u001b[1m\u001b[91mcould not find `json` in `serde`\u001b[0m\n   \u001b[1m\u001b[96m|\u001b[0m\n\u001b[1m\u001b[92mnote\u001b[0m: found an item that was configured out\n  \u001b[1m\u001b[96m--> \u001b[0mC:\\Users\\kirpr\\.cargo\\registry\\src\\index.crates.io-1949cf8c6b5b557f\\rocket-0.5.1\\src\\serde\\mod.rs:47:9\n   \u001b[1m\u001b[96m|\u001b[0m\n\u001b[1m\u001b[96m45\u001b[0m \u001b[1m\u001b[96m|\u001b[0m #[cfg(feature = \"json\")]\n   \u001b[1m\u001b[96m|\u001b[0m       \u001b[1m\u001b[96m----------------\u001b[0m \u001b[1m\u001b[96mthe item is gated behind the `json` feature\u001b[0m\n\u001b[1m\u001b[96m46\u001b[0m \u001b[1m\u001b[96m|\u001b[0m #[cfg_attr(nightly, doc(cfg(feature = \"json\")))]\n\u001b[1m\u001b[96m47\u001b[0m \u001b[1m\u001b[96m|\u001b[0m pub mod json;\n   \u001b[1m\u001b[96m|\u001b[0m         \u001b[1m\u001b[92m^^^^\u001b[0m\n\n"}
{"$message_type":"diagnostic","message":"`Result` is ambiguous","code":{"code":"E0659","explanation":"An item usage is ambiguous.\n\nErroneous code example:\n\n```compile_fail,edition2018,E0659\npub mod moon {\n    pub fn foo() {}\n}\n\npub mod earth {\n    pub fn foo() {}\n}\n\nmod collider {\n    pub use crate::moon::*;\n    pub use crate::earth::*;\n}\n\nfn main() {\n    crate::collider::foo(); // ERROR: `foo` is ambiguous\n}\n```\n\nThis error generally appears when two items with the same name are imported into\na module. Here, the `foo` functions are imported and reexported from the\n`collider` module and therefore, when we're using `collider::foo()`, both\nfunctions collide.\n\nTo solve this error, the best solution is generally to keep the path before the\nitem when using it. Example:\n\n```edition2018\npub mod moon {\n    pub fn foo() {}\n}\n\npub mod earth {\n    pub fn foo() {}\n}\n\nmod collider {\n    pub use crate::moon;\n    pub use crate::earth;\n}\n\nfn main() {\n    crate::collider::moon::foo(); // ok!\n    crate::collider::earth::foo(); // ok!\n}\n```\n"},"level":"error","spans":[{"file_name":"src\\db.rs","byte_start":1236,"byte_end":1242,"line_start":44,"line_end":44,"column_start":21,"column_end":27,"is_primary":true,"text":[{"text":"pub fn init_db() -> Result<(), Box<dyn std::error::Error>> {","highlight_start":21,"highlight_end":27}],"label":"ambiguous name","suggested_replacement":null,"suggestion_applicability":null,"expansion":null}],"children":[{"message":"ambiguous because of multiple glob imports of a name in the same module","code":null,"level":"note","spans":[],"children":[],"rendered":null},{"message":"`Result` could refer to the type alias imported here","code":null,"level":"note","spans":[{"file_name":"src\\db.rs","byte_start":4,"byte_end":15,"line_start":1,"line_end":1,"column_start":5,"column_end":16,"is_primary":true,"text":[{"text":"use rusqlite::*;","highlight_start":5,"highlight_end":16}],"label":null,"suggested_replacement":null,"suggestion_applicability":null,"expansion":null}],"children":[],"rendered":null},{"message":"consider adding an explicit import of `Result` to disambiguate","code":null,"level":"help","spans":[],"children":[],"rendered":null},{"message":"`Result` could also refer to the type alias imported here","code":null,"level":"note","spans":[{"file_name":"src\\db.rs","byte_start":47,"byte_end":60,"line_start":3,"line_end":3,"column_start":5,"column_end":18,"is_primary":true,"text":[{"text":"use serde_json::*;","highlight_start":5,"highlight_end":18}],"label":null,"suggested_replacement":null,"suggestion_applicability":null,"expansion":null}],"children":[],"rendered":null},{"message":"consider adding an explicit import of `Result` to disambiguate","code":null,"level":"help","spans":[],"children":[],"rendered":null}],"rendered":"\u001b[1m\u001b[91merror[E0659]\u001b[0m\u001b[1m\u001b[97m: `Result` is ambiguous\u001b[0m\n  \u001b[1m\u001b[96m--> \u001b[0msrc\\db.rs:44:21\n   \u001b[1m\u001b[96m|\u001b[0m\n\u001b[1m\u001b[96m44\u001b[0m \u001b[1m\u001b[96m|\u001b[0m pub fn init_db() -> Result<(), Box<dyn std::error::Error>> {\n   \u001b[1m\u001b[96m|\u001b[0m                     \u001b[1m\u001b[91m^^^^^^\u001b[0m \u001b[1m\u001b[91mambiguous name\u001b[0m\n   \u001b[1m\u001b[96m|\u001b[0m\n   \u001b[1m\u001b[96m= \u001b[0m\u001b[1m\u001b[97mnote\u001b[0m: ambiguous because of multiple glob imports of a name in the same module\n\u001b[1m\u001b[92mnote\u001b[0m: `Result` could refer to the type alias imported here\n  \u001b[1m\u001b[96m--> \u001b[0msrc\\db.rs:1:5\n   \u001b[1m\u001b[96m|\u001b[0m\n\u001b[1m\u001b[96m 1\u001b[0m \u001b[1m\u001b[96m|\u001b[0m use rusqlite::*;\n   \u001b[1m\u001b[96m|\u001b[0m     \u001b[1m\u001b[92m^^^^^^^^^^^\u001b[0m\n   \u001b[1m\u001b[96m= \u001b[0m\u001b[1m\u001b[97mhelp\u001b[0m: consider adding an explicit import of `Result` to disambiguate\n\u001b[1m\u001b[92mnote\u001b[0m: `Result` could also refer to the type alias imported here\n  \u001b[1m\u001b[96m--> \u001b[0msrc\\db.rs:3:5\n   \u001b[1m\u001b[96m|\u001b[0m\n\u001b[1m\u001b[96m 3\u001b[0m \u001b[1m\u001b[96m|\u001b[0m use serde_json::*;\n   \u001b[1m\u001b[96m|\u001b[0m     \u001b[1m\u001b[92m^^^^^^^^^^^^^\u001b[0m\n   \u001b[1m\u001b[96m= \u001b[0m\u001b[1m\u001b[97mhelp\u001b[0m: consider adding an explicit import of `Result` to disambiguate\n\n"}
{"$message_type":"diagnostic","message":"function `rocket` is private","code":{"code":"E0603","explanation":"A private item was used outside its scope.\n\nErroneous code example:\n\n```compile_fail,E0603\nmod foo {\n    const PRIVATE: u32 = 0x_a_bad_1dea_u32; // This const is private, so we\n                                            // can't use it outside of the\n                                            // `foo` module.\n}\n\nprintln!(\"const value: {}\", foo::PRIVATE); // error: constant `PRIVATE`\n                                                  //        is private\n```\n\nIn order to fix this error, you need to make the item public by using the `pub`\nkeyword. Example:\n\n```\nmod foo {\n    pub const PRIVATE: u32 = 0x_a_bad_1dea_u32; // We set it public by using the\n                                                // `pub` keyword.\n}\n\nprintln!(\"const value: {}\", foo::PRIVATE); // ok!\n```\n"},"level":"error","spans":[{"file_name":"src\\main.rs","byte_start":80,"byte_end":86,"line_start":7,"line_end":7,"column_start":10,"column_end":16,"is_primary":true,"text":[{"text":"    api::rocket();","highlight_start":10,"highlight_end":16}],"label":"private function","suggested_replacement":null,"suggestion_applicability":null,"expansion":null}],"children":[{"message":"the function `rocket` is defined here","code":null,"level":"note","spans":[{"file_name":"src\\api.rs","byte_start":8267,"byte_end":8283,"line_start":283,"line_end":283,"column_start":1,"column_end":17,"is_primary":true,"text":[{"text":"fn rocket() -> _ {","highlight_start":1,"highlight_end":17}],"label":null,"suggested_replacement":null,"suggestion_applicability":null,"expansion":null}],"children":[],"rendered":null}],"rendered":"\u001b[1m\u001b[91merror[E0603]\u001b[0m\u001b[1m\u001b[97m: function `rocket` is private\u001b[0m\n   \u001b[1m\u001b[96m--> \u001b[0msrc\\main.rs:7:10\n    \u001b[1m\u001b[96m|\u001b[0m\n\u001b[1m\u001b[96m  7\u001b[0m \u001b[1m\u001b[96m|\u001b[0m     api::rocket();\n    \u001b[1m\u001b[96m|\u001b[0m          \u001b[1m\u001b[91m^^^^^^\u001b[0m \u001b[1m\u001b[91mprivate function\u001b[0m\n    \u001b[1m\u001b[96m|\u001b[0m\n\u001b[1m\u001b[92mnote\u001b[0m: the function `rocket` is defined here\n   \u001b[1m\u001b[96m--> \u001b[0msrc\\api.rs:283:1\n    \u001b[1m\u001b[96m|\u001b[0m\n\u001b[1m\u001b[96m283\u001b[0m \u001b[1m\u001b[96m|\u001b[0m fn rocket() -> _ {\n    \u001b[1m\u001b[96m|\u001b[0m \u001b[1m\u001b[92m^^^^^^^^^^^^^^^^\u001b[0m\n\n"}
{"$message_type":"diagnostic","message":"unused import: `Method`","code":{"code":"unused_imports","explanation":null},"level":"warning","spans":[{"file_name":"src\\api.rs","byte_start":178,"byte_end":184,"line_start":9,"line_end":9,"column_start":20,"column_end":26,"is_primary":true,"text":[{"text":"    http::{Header, Method, Status},","highlight_start":20,"highlight_end":26}],"label":null,"suggested_replacement":null,"suggestion_applicability":null,"expansion":null}],"children":[{"message":"`#[warn(unused_imports)]` (part of `#[warn(unused)]`) on by default","code":null,"level":"note","spans":[],"children":[],"rendered":null},{"message":"remove the unused import","code":null,"level":"help","spans":[{"file_name":"src\\api.rs","byte_start":176,"byte_end":184,"line_start":9,"line_end":9,"column_start":18,"column_end":26,"is_primary":true,"text":[{"text":"    http::{Header, Method, Status},","highlight_start":18,"highlight_end":26}],"label":null,"suggested_replacement":"","suggestion_applicability":"MachineApplicable","expansion":null}],"children":[],"rendered":null}],"rendered":"\u001b[1m\u001b[93mwarning\u001b[0m\u001b[1m\u001b[97m: unused import: `Method`\u001b[0m\n \u001b[1m\u001b[96m--> \u001b[0msrc\\api.rs:9:20\n  \u001b[1m\u001b[96m|\u001b[0m\n\u001b[1m\u001b[96m9\u001b[0m \u001b[1m\u001b[96m|\u001b[0m     http::{Header, Method, Status},\n  \u001b[1m\u001b[96m|\u001b[0m                    \u001b[1m\u001b[93m^^^^^^\u001b[0m\n  \u001b[1m\u001b[96m|\u001b[0m\n  \u001b[1m\u001b[96m= \u001b[0m\u001b[1m\u001b[97mnote\u001b[0m: `#[warn(unused_imports)]` (part of `#[warn(unused)]`) on by default\n\n"}
{"$message_type":"diagnostic","message":"unused import: `serde_json::*`","code":{"code":"unused_imports","explanation":null},"level":"warning","spans":[{"file_name":"src\\db.rs","byte_start":47,"byte_end":60,"line_start":3,"line_end":3,"column_start":5,"column_end":18,"is_primary":true,"text":[{"text":"use serde_json::*;","highlight_start":5,"highlight_end":18}],"label":null,"suggested_replacement":null,"suggestion_applicability":null,"expansion":null}],"children":[{"message":"remove the whole `use` item","code":null,"level":"help","spans":[{"file_name":"src\\db.rs","byte_start":43,"byte_end":63,"line_start":3,"line_end":4,"column_start":1,"column_end":1,"is_primary":true,"text":[{"text":"use serde_json::*;","highlight_start":1,"highlight_end":19},{"text":"use std::fs;","highlight_start":1,"highlight_end":1}],"label":null,"suggested_replacement":"","suggestion_applicability":"MachineApplicable","expansion":null}],"children":[],"rendered":null}],"rendered":"\u001b[1m\u001b[93mwarning\u001b[0m\u001b[1m\u001b[97m: unused import: `serde_json::*`\u001b[0m\n \u001b[1m\u001b[96m--> \u001b[0msrc\\db.rs:3:5\n  \u001b[1m\u001b[96m|\u001b[0m\n\u001b[1m\u001b[96m3\u001b[0m \u001b[1m\u001b[96m|\u001b[0m use serde_json::*;\n  \u001b[1m\u001b[96m|\u001b[0m     \u001b[1m\u001b[93m^^^^^^^^^^^^^\u001b[0m\n\n"}
{"$message_type":"diagnostic","message":"unused import: `std::io`","code":{"code":"unused_imports","explanation":null},"level":"warning","spans":[{"file_name":"src\\db.rs","byte_start":81,"byte_end":88,"line_start":5,"line_end":5,"column_start":5,"column_end":12,"is_primary":true,"text":[{"text":"use std::io;","highlight_start":5,"highlight_end":12}],"label":null,"suggested_replacement":null,"suggestion_applicability":null,"expansion":null}],"children":[{"message":"remove the whole `use` item","code":null,"level":"help","spans":[{"file_name":"src\\db.rs","byte_start":77,"byte_end":91,"line_start":5,"line_end":6,"column_start":1,"column_end":1,"is_primary":true,"text":[{"text":"use std::io;","highlight_start":1,"highlight_end":13},{"text":"","highlight_start":1,"highlight_end":1}],"label":null,"suggested_replacement":"","suggestion_applicability":"MachineApplicable","expansion":null}],"children":[],"rendered":null}],"rendered":"\u001b[1m\u001b[93mwarning\u001b[0m\u001b[1m\u001b[97m: unused import: `std::io`\u001b[0m\n \u001b[1m\u001b[96m--> \u001b[0msrc\\db.rs:5:5\n  \u001b[1m\u001b[96m|\u001b[0m\n\u001b[1m\u001b[96m5\u001b[0m \u001b[1m\u001b[96m|\u001b[0m use std::io;\n  \u001b[1m\u001b[96m|\u001b[0m     \u001b[1m\u001b[93m^^^^^^^\u001b[0m\n\n"}
{"$message_type":"diagnostic","message":"the `?` operator can only be used in a function that returns `Result` or `Option` (or another type that implements `FromResidual`)","code":{"code":"E0277","explanation":"You tried to use a type which doesn't implement some trait in a place which\nexpected that trait.\n\nErroneous code example:\n\n```compile_fail,E0277\n// here we declare the Foo trait with a bar method\ntrait Foo {\n    fn bar(&self);\n}\n\n// we now declare a function which takes an object implementing the Foo trait\nfn some_func<T: Foo>(foo: T) {\n    foo.bar();\n}\n\nfn main() {\n    // we now call the method with the i32 type, which doesn't implement\n    // the Foo trait\n    some_func(5i32); // error: the trait bound `i32 : Foo` is not satisfied\n}\n```\n\nIn order to fix this error, verify that the type you're using does implement\nthe trait. Example:\n\n```\ntrait Foo {\n    fn bar(&self);\n}\n\n// we implement the trait on the i32 type\nimpl Foo for i32 {\n    fn bar(&self) {}\n}\n\nfn some_func<T: Foo>(foo: T) {\n    foo.bar(); // we can now use this method since i32 implements the\n               // Foo trait\n}\n\nfn main() {\n    some_func(5i32); // ok!\n}\n```\n\nOr in a generic context, an erroneous code example would look like:\n\n```compile_fail,E0277\nfn some_func<T>(foo: T) {\n    println!(\"{:?}\", foo); // error: the trait `core::fmt::Debug` is not\n                           //        implemented for the type `T`\n}\n\nfn main() {\n    // We now call the method with the i32 type,\n    // which *does* implement the Debug trait.\n    some_func(5i32);\n}\n```\n\nNote that the error here is in the definition of the generic function. Although\nwe only call it with a parameter that does implement `Debug`, the compiler\nstill rejects the function. It must work with all possible input types. In\norder to make this example compile, we need to restrict the generic type we're\naccepting:\n\n```\nuse std::fmt;\n\n// Restrict the input type to types that implement Debug.\nfn some_func<T: fmt::Debug>(foo: T) {\n    println!(\"{:?}\", foo);\n}\n\nfn main() {\n    // Calling the method is still fine, as i32 implements Debug.\n    some_func(5i32);\n\n    // This would fail to compile now:\n    // struct WithoutDebug;\n    // some_func(WithoutDebug);\n}\n```\n\nRust only looks at the signature of the called function, as such it must\nalready specify all requirements that will be used for every type parameter.\n"},"level":"error","spans":[{"file_name":"src\\db.rs","byte_start":498,"byte_end":499,"line_start":19,"line_end":19,"column_start":42,"column_end":43,"is_primary":true,"text":[{"text":"    let db = Connection::open(\"login.db\")?;","highlight_start":42,"highlight_end":43}],"label":"cannot use the `?` operator in a function that returns `(bool, db::User)`","suggested_replacement":null,"suggestion_applicability":null,"expansion":{"span":{"file_name":"src\\db.rs","byte_start":498,"byte_end":499,"line_start":19,"line_end":19,"column_start":42,"column_end":43,"is_primary":false,"text":[{"text":"    let db = Connection::open(\"login.db\")?;","highlight_start":42,"highlight_end":43}],"label":null,"suggested_replacement":null,"suggestion_applicability":null,"expansion":null},"macro_decl_name":"desugaring of operator `?`","def_site_span":{"file_name":"src\\main.rs","byte_start":0,"byte_end":0,"line_start":1,"line_end":1,"column_start":1,"column_end":1,"is_primary":false,"text":[],"label":null,"suggested_replacement":null,"suggestion_applicability":null,"expansion":null}}},{"file_name":"src\\db.rs","byte_start":355,"byte_end":421,"line_start":17,"line_end":17,"column_start":1,"column_end":67,"is_primary":false,"text":[{"text":"pub fn search_user(username: &str, password: &str) -> (bool, User) {","highlight_start":1,"highlight_end":67}],"label":"this function should return `Result` or `Option` to accept `?`","suggested_replacement":null,"suggestion_applicability":null,"expansion":null}],"children":[],"rendered":"\u001b[1m\u001b[91merror[E0277]\u001b[0m\u001b[1m\u001b[97m: the `?` operator can only be used in a function that returns `Result` or `Option` (or another type that implements `FromResidual`)\u001b[0m\n  \u001b[1m\u001b[96m--> \u001b[0msrc\\db.rs:19:42\n   \u001b[1m\u001b[96m|\u001b[0m\n\u001b[1m\u001b[96m17\u001b[0m \u001b[1m\u001b[96m|\u001b[0m pub fn search_user(username: &str, password: &str) -> (bool, User) {\n   \u001b[1m\u001b[96m|\u001b[0m \u001b[1m\u001b[96m------------------------------------------------------------------\u001b[0m \u001b[1m\u001b[96mthis function should return `Result` or `Option` to accept `?`\u001b[0m\n\u001b[1m\u001b[96m18\u001b[0m \u001b[1m\u001b[96m|\u001b[0m     // Connect to the database\n\u001b[1m\u001b[96m19\u001b[0m \u001b[1m\u001b[96m|\u001b[0m     let db = Connection::open(\"login.db\")?;\n   \u001b[1m\u001b[96m|\u001b[0m                                          \u001b[1m\u001b[91m^\u001b[0m \u001b[1m\u001b[91mcannot use the `?` operator in a function that returns `(bool, db::User)`\u001b[0m\n\n"}
{"$message_type":"diagnostic","message":"the `?` operator can only be used in a function that returns `Result` or `Option` (or another type that implements `FromResidual`)","code":{"code":"E0277","explanation":"You tried to use a type which doesn't implement some trait in a place which\nexpected that trait.\n\nErroneous code example:\n\n```compile_fail,E0277\n// here we declare the Foo trait with a bar method\ntrait Foo {\n    fn bar(&self);\n}\n\n// we now declare a function which takes an object implementing the Foo trait\nfn some_func<T: Foo>(foo: T) {\n    foo.bar();\n}\n\nfn main() {\n    // we now call the method with the i32 type, which doesn't implement\n    // the Foo trait\n    some_func(5i32); // error: the trait bound `i32 : Foo` is not satisfied\n}\n```\n\nIn order to fix this error, verify that the type you're using does implement\nthe trait. Example:\n\n```\ntrait Foo {\n    fn bar(&self);\n}\n\n// we implement the trait on the i32 type\nimpl Foo for i32 {\n    fn bar(&self) {}\n}\n\nfn some_func<T: Foo>(foo: T) {\n    foo.bar(); // we can now use this method since i32 implements the\n               // Foo trait\n}\n\nfn main() {\n    some_func(5i32); // ok!\n}\n```\n\nOr in a generic context, an erroneous code example would look like:\n\n```compile_fail,E0277\nfn some_func<T>(foo: T) {\n    println!(\"{:?}\", foo); // error: the trait `core::fmt::Debug` is not\n                           //        implemented for the type `T`\n}\n\nfn main() {\n    // We now call the method with the i32 type,\n    // which *does* implement the Debug trait.\n    some_func(5i32);\n}\n```\n\nNote that the error here is in the definition of the generic function. Although\nwe only call it with a parameter that does implement `Debug`, the compiler\nstill rejects the function. It must work with all possible input types. In\norder to make this example compile, we need to restrict the generic type we're\naccepting:\n\n```\nuse std::fmt;\n\n// Restrict the input type to types that implement Debug.\nfn some_func<T: fmt::Debug>(foo: T) {\n    println!(\"{:?}\", foo);\n}\n\nfn main() {\n    // Calling the method is still fine, as i32 implements Debug.\n    some_func(5i32);\n\n    // This would fail to compile now:\n    // struct WithoutDebug;\n    // some_func(WithoutDebug);\n}\n```\n\nRust only looks at the signature of the called function, as such it must\nalready specify all requirements that will be used for every type parameter.\n"},"level":"error","spans":[{"file_name":"src\\db.rs","byte_start":648,"byte_end":649,"line_start":24,"line_end":24,"column_start":6,"column_end":7,"is_primary":true,"text":[{"text":"    )? > 0;","highlight_start":6,"highlight_end":7}],"label":"cannot use the `?` operator in a function that returns `(bool, db::User)`","suggested_replacement":null,"suggestion_applicability":null,"expansion":{"span":{"file_name":"src\\db.rs","byte_start":648,"byte_end":649,"line_start":24,"line_end":24,"column_start":6,"column_end":7,"is_primary":false,"text":[{"text":"    )? > 0;","highlight_start":6,"highlight_end":7}],"label":null,"suggested_replacement":null,"suggestion_applicability":null,"expansion":null},"macro_decl_name":"desugaring of operator `?`","def_site_span":{"file_name":"src\\main.rs","byte_start":0,"byte_end":0,"line_start":1,"line_end":1,"column_start":1,"column_end":1,"is_primary":false,"text":[],"label":null,"suggested_replacement":null,"suggestion_applicability":null,"expansion":null}}},{"file_name":"src\\db.rs","byte_start":355,"byte_end":421,"line_start":17,"line_end":17,"column_start":1,"column_end":67,"is_primary":false,"text":[{"text":"pub fn search_user(username: &str, password: &str) -> (bool, User) {","highlight_start":1,"highlight_end":67}],"label":"this function should return `Result` or `Option` to accept `?`","suggested_replacement":null,"suggestion_applicability":null,"expansion":null}],"children":[],"rendered":"\u001b[1m\u001b[91merror[E0277]\u001b[0m\u001b[1m\u001b[97m: the `?` operator can only be used in a function that returns `Result` or `Option` (or another type that implements `FromResidual`)\u001b[0m\n  \u001b[1m\u001b[96m--> \u001b[0msrc\\db.rs:24:6\n   \u001b[1m\u001b[96m|\u001b[0m\n\u001b[1m\u001b[96m17\u001b[0m \u001b[1m\u001b[96m|\u001b[0m pub fn search_user(username: &str, password: &str) -> (bool, User) {\n   \u001b[1m\u001b[96m|\u001b[0m \u001b[1m\u001b[96m------------------------------------------------------------------\u001b[0m \u001b[1m\u001b[96mthis function should return `Result` or `Option` to accept `?`\u001b[0m\n\u001b[1m\u001b[96m...\u001b[0m\n\u001b[1m\u001b[96m24\u001b[0m \u001b[1m\u001b[96m|\u001b[0m     )? > 0;\n   \u001b[1m\u001b[96m|\u001b[0m      \u001b[1m\u001b[91m^\u001b[0m \u001b[1m\u001b[91mcannot use the `?` operator in a function that returns `(bool, db::User)`\u001b[0m\n\n"}
{"$message_type":"diagnostic","message":"the `?` operator can only be used in a function that returns `Result` or `Option` (or another type that implements `FromResidual`)","code":{"code":"E0277","explanation":"You tried to use a type which doesn't implement some trait in a place which\nexpected that trait.\n\nErroneous code example:\n\n```compile_fail,E0277\n// here we declare the Foo trait with a bar method\ntrait Foo {\n    fn bar(&self);\n}\n\n// we now declare a function which takes an object implementing the Foo trait\nfn some_func<T: Foo>(foo: T) {\n    foo.bar();\n}\n\nfn main() {\n    // we now call the method with the i32 type, which doesn't implement\n    // the Foo trait\n    some_func(5i32); // error: the trait bound `i32 : Foo` is not satisfied\n}\n```\n\nIn order to fix this error, verify that the type you're using does implement\nthe trait. Example:\n\n```\ntrait Foo {\n    fn bar(&self);\n}\n\n// we implement the trait on the i32 type\nimpl Foo for i32 {\n    fn bar(&self) {}\n}\n\nfn some_func<T: Foo>(foo: T) {\n    foo.bar(); // we can now use this method since i32 implements the\n               // Foo trait\n}\n\nfn main() {\n    some_func(5i32); // ok!\n}\n```\n\nOr in a generic context, an erroneous code example would look like:\n\n```compile_fail,E0277\nfn some_func<T>(foo: T) {\n    println!(\"{:?}\", foo); // error: the trait `core::fmt::Debug` is not\n                           //        implemented for the type `T`\n}\n\nfn main() {\n    // We now call the method with the i32 type,\n    // which *does* implement the Debug trait.\n    some_func(5i32);\n}\n```\n\nNote that the error here is in the definition of the generic function. Although\nwe only call it with a parameter that does implement `Debug`, the compiler\nstill rejects the function. It must work with all possible input types. In\norder to make this example compile, we need to restrict the generic type we're\naccepting:\n\n```\nuse std::fmt;\n\n// Restrict the input type to types that implement Debug.\nfn some_func<T: fmt::Debug>(foo: T) {\n    println!(\"{:?}\", foo);\n}\n\nfn main() {\n    // Calling the method is still fine, as i32 implements Debug.\n    some_func(5i32);\n\n    // This would fail to compile now:\n    // struct WithoutDebug;\n    // some_func(WithoutDebug);\n}\n```\n\nRust only looks at the signature of the called function, as such it must\nalready specify all requirements that will be used for every type parameter.\n"},"level":"error","spans":[{"file_name":"src\\db.rs","byte_start":784,"byte_end":785,"line_start":26,"line_end":26,"column_start":89,"column_end":90,"is_primary":true,"text":[{"text":"    let mut stmt = db.prepare(\"SELECT * FROM users WHERE username = ? AND password = ?\")?;","highlight_start":89,"highlight_end":90}],"label":"cannot use the `?` operator in a function that returns `(bool, db::User)`","suggested_replacement":null,"suggestion_applicability":null,"expansion":{"span":{"file_name":"src\\db.rs","byte_start":784,"byte_end":785,"line_start":26,"line_end":26,"column_start":89,"column_end":90,"is_primary":false,"text":[{"text":"    let mut stmt = db.prepare(\"SELECT * FROM users WHERE username = ? AND password = ?\")?;","highlight_start":89,"highlight_end":90}],"label":null,"suggested_replacement":null,"suggestion_applicability":null,"expansion":null},"macro_decl_name":"desugaring of operator `?`","def_site_span":{"file_name":"src\\main.rs","byte_start":0,"byte_end":0,"line_start":1,"line_end":1,"column_start":1,"column_end":1,"is_primary":false,"text":[],"label":null,"suggested_replacement":null,"suggestion_applicability":null,"expansion":null}}},{"file_name":"src\\db.rs","byte_start":355,"byte_end":421,"line_start":17,"line_end":17,"column_start":1,"column_end":67,"is_primary":false,"text":[{"text":"pub fn search_user(username: &str, password: &str) -> (bool, User) {","highlight_start":1,"highlight_end":67}],"label":"this function should return `Result` or `Option` to accept `?`","suggested_replacement":null,"suggestion_applicability":null,"expansion":null}],"children":[],"rendered":"\u001b[1m\u001b[91merror[E0277]\u001b[0m\u001b[1m\u001b[97m: the `?` operator can only be used in a function that returns `Result` or `Option` (or another type that implements `FromResidual`)\u001b[0m\n  \u001b[1m\u001b[96m--> \u001b[0msrc\\db.rs:26:89\n   \u001b[1m\u001b[96m|\u001b[0m\n\u001b[1m\u001b[96m17\u001b[0m \u001b[1m\u001b[96m|\u001b[0m pub fn search_user(username: &str, password: &str) -> (bool, User) {\n   \u001b[1m\u001b[96m|\u001b[0m \u001b[1m\u001b[96m------------------------------------------------------------------\u001b[0m \u001b[1m\u001b[96mthis function should return `Result` or `Option` to accept `?`\u001b[0m\n\u001b[1m\u001b[96m...\u001b[0m\n\u001b[1m\u001b[96m26\u001b[0m \u001b[1m\u001b[96m|\u001b[0m     let mut stmt = db.prepare(\"SELECT * FROM users WHERE username = ? AND password = ?\")?;\n   \u001b[1m\u001b[96m|\u001b[0m                                                                                         \u001b[1m\u001b[91m^\u001b[0m \u001b[1m\u001b[91mcannot use the `?` operator in a function that returns `(bool, db::User)`\u001b[0m\n\n"}
{"$message_type":"diagnostic","message":"mismatched types","code":{"code":"E0308","explanation":"Expected type did not match the received type.\n\nErroneous code examples:\n\n```compile_fail,E0308\nfn plus_one(x: i32) -> i32 {\n    x + 1\n}\n\nplus_one(\"Not a number\");\n//       ^^^^^^^^^^^^^^ expected `i32`, found `&str`\n\nif \"Not a bool\" {\n// ^^^^^^^^^^^^ expected `bool`, found `&str`\n}\n\nlet x: f32 = \"Not a float\";\n//     ---   ^^^^^^^^^^^^^ expected `f32`, found `&str`\n//     |\n//     expected due to this\n```\n\nThis error occurs when an expression was used in a place where the compiler\nexpected an expression of a different type. It can occur in several cases, the\nmost common being when calling a function and passing an argument which has a\ndifferent type than the matching type in the function declaration.\n"},"level":"error","spans":[{"file_name":"src\\db.rs","byte_start":1033,"byte_end":1187,"line_start":36,"line_end":40,"column_start":5,"column_end":6,"is_primary":true,"text":[{"text":"    match user {","highlight_start":5,"highlight_end":17},{"text":"        Ok(user) => Ok(Some(user)),","highlight_start":1,"highlight_end":36},{"text":"        Err(rusqlite::Error::QueryReturnedNoRows) => Ok(None),","highlight_start":1,"highlight_end":63},{"text":"        Err(e) => Err(e.into()),","highlight_start":1,"highlight_end":33},{"text":"    }","highlight_start":1,"highlight_end":6}],"label":"expected `()`, found `Result<Option<User>, _>`","suggested_replacement":null,"suggestion_applicability":null,"expansion":null}],"children":[{"message":"expected unit type `()`\n        found enum `std::result::Result<std::option::Option<db::User>, _>`","code":null,"level":"note","spans":[],"children":[],"rendered":null},{"message":"consider using a semicolon here","code":null,"level":"help","spans":[{"file_name":"src\\db.rs","byte_start":1187,"byte_end":1187,"line_start":40,"line_end":40,"column_start":6,"column_end":6,"is_primary":true,"text":[{"text":"    }","highlight_start":6,"highlight_end":6}],"label":null,"suggested_replacement":";","suggestion_applicability":"MaybeIncorrect","expansion":null}],"children":[],"rendered":null}],"rendered":"\u001b[1m\u001b[91merror[E0308]\u001b[0m\u001b[1m\u001b[97m: mismatched types\u001b[0m\n  \u001b[1m\u001b[96m--> \u001b[0msrc\\db.rs:36:5\n   \u001b[1m\u001b[96m|\u001b[0m\n\u001b[1m\u001b[96m36\u001b[0m \u001b[1m\u001b[96m|\u001b[0m \u001b[1m\u001b[91m/\u001b[0m     match user {\n\u001b[1m\u001b[96m37\u001b[0m \u001b[1m\u001b[96m|\u001b[0m \u001b[1m\u001b[91m|\u001b[0m         Ok(user) => Ok(Some(user)),\n\u001b[1m\u001b[96m38\u001b[0m \u001b[1m\u001b[96m|\u001b[0m \u001b[1m\u001b[91m|\u001b[0m         Err(rusqlite::Error::QueryReturnedNoRows) => Ok(None),\n\u001b[1m\u001b[96m39\u001b[0m \u001b[1m\u001b[96m|\u001b[0m \u001b[1m\u001b[91m|\u001b[0m         Err(e) => Err(e.into()),\n\u001b[1m\u001b[96m40\u001b[0m \u001b[1m\u001b[96m|\u001b[0m \u001b[1m\u001b[91m|\u001b[0m     }\n   \u001b[1m\u001b[96m|\u001b[0m \u001b[1m\u001b[91m|\u001b[0m     \u001b[1m\u001b[91m^\u001b[0m\u001b[1m\u001b[96m-\u001b[0m \u001b[1m\u001b[96mhelp: consider using a semicolon here\u001b[0m\n   \u001b[1m\u001b[96m|\u001b[0m \u001b[1m\u001b[91m|_____|\u001b[0m\n   \u001b[1m\u001b[96m|\u001b[0m       \u001b[1m\u001b[91mexpected `()`, found `Result<Option<User>, _>`\u001b[0m\n   \u001b[1m\u001b[96m|\u001b[0m\n   \u001b[1m\u001b[96m= \u001b[0m\u001b[1m\u001b[97mnote\u001b[0m: expected unit type `\u001b[1m\u001b[35m()\u001b[0m`\n                   found enum `\u001b[1m\u001b[35mstd::result::Result<std::option::Option<db::User>, _>\u001b[0m`\n\n"}
{"$message_type":"diagnostic","message":"mismatched types","code":{"code":"E0308","explanation":"Expected type did not match the received type.\n\nErroneous code examples:\n\n```compile_fail,E0308\nfn plus_one(x: i32) -> i32 {\n    x + 1\n}\n\nplus_one(\"Not a number\");\n//       ^^^^^^^^^^^^^^ expected `i32`, found `&str`\n\nif \"Not a bool\" {\n// ^^^^^^^^^^^^ expected `bool`, found `&str`\n}\n\nlet x: f32 = \"Not a float\";\n//     ---   ^^^^^^^^^^^^^ expected `f32`, found `&str`\n//     |\n//     expected due to this\n```\n\nThis error occurs when an expression was used in a place where the compiler\nexpected an expression of a different type. It can occur in several cases, the\nmost common being when calling a function and passing an argument which has a\ndifferent type than the matching type in the function declaration.\n"},"level":"error","spans":[{"file_name":"src\\db.rs","byte_start":1204,"byte_end":1208,"line_start":41,"line_end":41,"column_start":16,"column_end":20,"is_primary":true,"text":[{"text":"    (is_valid, user)","highlight_start":16,"highlight_end":20}],"label":"expected `User`, found `Result<User, Error>`","suggested_replacement":null,"suggestion_applicability":null,"expansion":null}],"children":[{"message":"expected struct `db::User`\n     found enum `std::result::Result<db::User, rusqlite::Error>`","code":null,"level":"note","spans":[],"children":[],"rendered":null},{"message":"consider using `Result::expect` to unwrap the `std::result::Result<db::User, rusqlite::Error>` value, panicking if the value is a `Result::Err`","code":null,"level":"help","spans":[{"file_name":"src\\db.rs","byte_start":1208,"byte_end":1208,"line_start":41,"line_end":41,"column_start":20,"column_end":20,"is_primary":true,"text":[{"text":"    (is_valid, user)","highlight_start":20,"highlight_end":20}],"label":null,"suggested_replacement":".expect(\"REASON\")","suggestion_applicability":"HasPlaceholders","expansion":null}],"children":[],"rendered":null}],"rendered":"\u001b[1m\u001b[91merror[E0308]\u001b[0m\u001b[1m\u001b[97m: mismatched types\u001b[0m\n  \u001b[1m\u001b[96m--> \u001b[0msrc\\db.rs:41:16\n   \u001b[1m\u001b[96m|\u001b[0m\n\u001b[1m\u001b[96m41\u001b[0m \u001b[1m\u001b[96m|\u001b[0m     (is_valid, user)\n   \u001b[1m\u001b[96m|\u001b[0m                \u001b[1m\u001b[91m^^^^\u001b[0m \u001b[1m\u001b[91mexpected `User`, found `Result<User, Error>`\u001b[0m\n   \u001b[1m\u001b[96m|\u001b[0m\n   \u001b[1m\u001b[96m= \u001b[0m\u001b[1m\u001b[97mnote\u001b[0m: expected struct `db::User`\n                found enum `\u001b[1m\u001b[35mstd::result::Result\u001b[0m\u001b[1m\u001b[35m<\u001b[0mdb::User, \u001b[1m\u001b[35mrusqlite::Error\u001b[0m\u001b[1m\u001b[35m>\u001b[0m`\n\u001b[1m\u001b[96mhelp\u001b[0m: consider using `Result::expect` to unwrap the `std::result::Result<db::User, rusqlite::Error>` value, panicking if the value is a `Result::Err`\n   \u001b[1m\u001b[96m|\u001b[0m\n\u001b[1m\u001b[96m41\u001b[0m \u001b[1m\u001b[96m| \u001b[0m    (is_valid, user\u001b[92m.expect(\"REASON\")\u001b[0m)\n   \u001b[1m\u001b[96m|\u001b[0m                    \u001b[92m+++++++++++++++++\u001b[0m\n\n"}
{"$message_type":"diagnostic","message":"aborting due to 9 previous errors; 3 warnings emitted","code":null,"level":"error","spans":[],"children":[],"rendered":"\u001b[1m\u001b[91merror\u001b[0m\u001b[1m\u001b[97m: aborting due to 9 previous errors; 3 warnings emitted\u001b[0m\n\n"}
{"$message_type":"diagnostic","message":"Some errors have detailed explanations: E0277, E0308, E0432, E0468, E0603, E0659.","code":null,"level":"failure-note","spans":[],"children":[],"rendered":"\u001b[1m\u001b[97mSome errors have detailed explanations: E0277, E0308, E0432, E0468, E0603, E0659.\u001b[0m\n"}
{"$message_type":"diagnostic","message":"For more information about an error, try `rustc --explain E0277`.","code":null,"level":"failure-note","spans":[],"children":[],"rendered":"\u001b[1m\u001b[97mFor more information about an error, try `rustc --explain E0277`.\u001b[0m\n"}
